Starting a Gradle Daemon, 1 busy and 1 incompatible Daemons could not be reused, use --status for details
> Task :buildSrc:compileJava NO-SOURCE

> Task :buildSrc:compileGroovy
Could not open/create prefs root node Software\JavaSoft\Prefs at root 0x80000002. Windows RegCreateKeyEx(...) returned error code 5.

> Task :buildSrc:processResources NO-SOURCE
> Task :buildSrc:classes
> Task :buildSrc:jar
> Task :buildSrc:assemble
> Task :buildSrc:compileTestJava NO-SOURCE
> Task :buildSrc:compileTestGroovy NO-SOURCE
> Task :buildSrc:processTestResources NO-SOURCE
> Task :buildSrc:testClasses UP-TO-DATE
> Task :buildSrc:test NO-SOURCE
> Task :buildSrc:check UP-TO-DATE
> Task :buildSrc:build
> Task :clean UP-TO-DATE
> Task :applications:clean
> Task :components:clean
> Task :databases:clean
> Task :integration-test:clean FAILED
5 actionable tasks: 4 executed, 1 up-to-date
